#
# A fatal error has been detected by the Java Runtime Environment:
#
#  SIGBUS (0xa) at pc=0x000000010be343f9, pid=66396, tid=24579
#
# JRE version: Java(TM) SE Runtime Environment (13.0.1+9) (build 13.0.1+9)
# Java VM: Java HotSpot(TM) 64-Bit Server VM (13.0.1+9, mixed mode, sharing, tiered, compressed oops, g1 gc, bsd-amd64)
# Problematic frame:
# V  [libjvm.dylib+0x2573f9]  _ZN12ConstantPool31impl_name_and_type_ref_index_atEib+0x35
#
# No core dump will be written. Core dumps have been disabled. To enable core dumping, try "ulimit -c unlimited" before starting Java again
#
# If you would like to submit a bug report, please visit:
#   http://bugreport.java.com/bugreport/crash.jsp
#

---------------  S U M M A R Y ------------

Command Line: -agentlib:jdwp=transport=dt_socket,suspend=y,address=localhost:63460 -javaagent:/Users/paperman/eclipse/java-2020-09/Eclipse.app/Contents/Eclipse/configuration/org.eclipse.osgi/209/0/.cp/lib/javaagent-shaded.jar -Dfile.encoding=UTF-8 threadexample.Main

Host: MacBookPro12,1 x86_64 2700 MHz, 4 cores, 8G, Darwin 18.7.0
Time: Fri Oct 30 13:56:45 2020 +07 elapsed time: 203 seconds (0d 0h 3m 23s)

---------------  T H R E A D  ---------------

Current thread (0x00007fe4ae893000):  JavaThread "JDWP Transport Listener: dt_socket" daemon [_thread_in_vm, id=24579, stack(0x000070000cc55000,0x000070000cd55000)] _threads_hazard_ptr=0x00007fe4ae641b10

Stack: [0x000070000cc55000,0x000070000cd55000],  sp=0x000070000cd53ef0,  free space=1019k
Native frames: (J=compiled Java code, A=aot compiled Java code, j=interpreted, Vv=VM code, C=native code)
V  [libjvm.dylib+0x2573f9]  _ZN12ConstantPool31impl_name_and_type_ref_index_atEib+0x35
V  [libjvm.dylib+0x25740e]  _ZN12ConstantPool21impl_signature_ref_atEib+0xe
V  [libjvm.dylib+0x34c31e]  _ZN14GenerateOopMap9do_methodEiiii+0x40
V  [libjvm.dylib+0x34aa3b]  _ZN14GenerateOopMap9interp_bbEP10BasicBlock+0xdb
V  [libjvm.dylib+0x34a75c]  _ZN14GenerateOopMap10interp_allEv+0x3c
V  [libjvm.dylib+0x34a40d]  _ZN14GenerateOopMap17do_interpretationEv+0x4b
V  [libjvm.dylib+0x34cb39]  _ZN14GenerateOopMap11compute_mapEP6Thread+0x165
V  [libjvm.dylib+0x61d9ca]  _ZN19OopMapForCacheEntry11compute_mapEP6Thread+0x54
V  [libjvm.dylib+0x61e1ac]  _ZN16OopMapCacheEntry4fillERK12methodHandlei+0xac
V  [libjvm.dylib+0x61eadd]  _ZN11OopMapCache19compute_one_oop_mapERK12methodHandleiP17InterpreterOopMap+0x5d
V  [libjvm.dylib+0x5e7594]  _ZN6Method8mask_forEiP17InterpreterOopMap+0x7e
V  [libjvm.dylib+0x776532]  _ZNK17interpretedVFrame10stack_dataEb+0x48
V  [libjvm.dylib+0x4ff049]  _ZN16VM_GetOrSetLocal22check_slot_type_no_lvtEP10javaVFrame+0x4d
V  [libjvm.dylib+0x4ff0f7]  _ZN16VM_GetOrSetLocal13doit_prologueEv+0x4f
V  [libjvm.dylib+0x789620]  _ZN8VMThread7executeEP12VM_Operation+0x13e
V  [libjvm.dylib+0x4eb29a]  _ZN8JvmtiEnv14GetLocalObjectEP10JavaThreadiiPP8_jobject+0x54
V  [libjvm.dylib+0x4ad5ef]  _ZL20jvmti_GetLocalObjectP9_jvmtiEnvP8_jobjectiiPS2_+0x157
C  [libjdwp.dylib+0x75d8]  thisObject+0x1ac
C  [libjdwp.dylib+0xece5]  debugLoop_run+0x1f1
C  [libjdwp.dylib+0x1fe08]  attachThread+0x4c
V  [libjvm.dylib+0x4fdb5a]  _ZN16JvmtiAgentThread19call_start_functionEv+0x38
V  [libjvm.dylib+0x72fe88]  _ZN10JavaThread17thread_main_innerEv+0x86
V  [libjvm.dylib+0x72fcc6]  _ZN10JavaThread3runEv+0x124
V  [libjvm.dylib+0x72dae5]  _ZN6Thread8call_runEv+0x71
V  [libjvm.dylib+0x62641d]  _ZL19thread_native_entryP6Thread+0x132
C  [libsystem_pthread.dylib+0x32eb]  _pthread_body+0x7e
C  [libsystem_pthread.dylib+0x6249]  _pthread_start+0x42
C  [libsystem_pthread.dylib+0x240d]  thread_start+0xd


siginfo: si_signo: 10 (SIGBUS), si_code: 2 (BUS_ADRERR), si_addr: 0x000000012c3e90a2

Register to memory mapping:

RAX=0x000000012c369670 is pointing into metadata
RBX=0x000000012c369068 is pointing into metadata
RCX=0x000000000000ffff is an unknown value
RDX=0x0000000000001940 is an unknown value
RSP=0x000070000cd53ef0 is pointing into the stack for thread: 0x00007fe4ae893000
RBP=0x000070000cd53ef0 is pointing into the stack for thread: 0x00007fe4ae893000
RSI=0x00000000000000ca is an unknown value
RDI=0x000000012c369068 is pointing into metadata
R8 =0x0000000000000071 is an unknown value
R9 =0x00007fe4ae621e90 points into unknown readable memory: d0 95 36 2c 01 00 00 00
R10=0x000000008a000000 is an unknown value
R11=0xfffffffffffffe08 is an unknown value
R12=0x0000000000000085 is an unknown value
R13=0x000070000cd54560 is pointing into the stack for thread: 0x00007fe4ae893000
R14=0x0 is NULL
R15=0x0000000000000071 is an unknown value


Registers:
RAX=0x000000012c369670, RBX=0x000000012c369068, RCX=0x000000000000ffff, RDX=0x0000000000001940
RSP=0x000070000cd53ef0, RBP=0x000070000cd53ef0, RSI=0x00000000000000ca, RDI=0x000000012c369068
R8 =0x0000000000000071, R9 =0x00007fe4ae621e90, R10=0x000000008a000000, R11=0xfffffffffffffe08
R12=0x0000000000000085, R13=0x000070000cd54560, R14=0x0000000000000000, R15=0x0000000000000071
RIP=0x000000010be343f9, EFLAGS=0x0000000000010206, ERR=0x0000000000000004
  TRAPNO=0x000000000000000e

Top of Stack: (sp=0x000070000cd53ef0)
0x000070000cd53ef0:   000070000cd53f10 000000010be3440e
0x000070000cd53f00:   000000012c369490 000070000cd54560
0x000070000cd53f10:   000070000cd543a0 000000010bf2931e
0x000070000cd53f20:   000000010c50c0a8 00000008003daa98
0x000070000cd53f30:   0000000000000002 0000000000000004
0x000070000cd53f40:   000070000cd53f50 0000000000000001
0x000070000cd53f50:   000000004fffffff 0000000000000000
0x000070000cd53f60:   0000000000000000 0000000000000000
0x000070000cd53f70:   0000000000000000 0000000000000000
0x000070000cd53f80:   0000000000000000 0000000000000000
0x000070000cd53f90:   0000000000000000 0000000000000000
0x000070000cd53fa0:   0000000000000000 0000000000000000
0x000070000cd53fb0:   0000000000000000 0000000000000000
0x000070000cd53fc0:   0000000000000000 0000000000000000
0x000070000cd53fd0:   0000000000000000 0000000000000000
0x000070000cd53fe0:   0000000000000000 0000000000000000
0x000070000cd53ff0:   0000000000000000 0000000000000000
0x000070000cd54000:   0000000000000000 0000000000000000
0x000070000cd54010:   0000000000000000 0000000000000000
0x000070000cd54020:   0000000000000000 0000000000000000
0x000070000cd54030:   0000000000000000 0000000000000000
0x000070000cd54040:   0000000000000000 0000000000000000
0x000070000cd54050:   0000000000000000 0000000000000000
0x000070000cd54060:   0000000000000000 0000000000000000
0x000070000cd54070:   0000000000000000 0000000000000000
0x000070000cd54080:   0000000000000000 0000000000000000
0x000070000cd54090:   0000000000000000 0000000000000000
0x000070000cd540a0:   0000000000000000 0000000000000000
0x000070000cd540b0:   0000000000000000 0000000000000000
0x000070000cd540c0:   0000000000000000 0000000000000000
0x000070000cd540d0:   0000000000000000 0000000000000000
0x000070000cd540e0:   0000000000000000 0000000000000000 

Instructions: (pc=0x000000010be343f9)
0x000000010be342f9:   31 f1 48 63 c9 48 c1 e1 05 48 8b 54 08 30 48 83
0x000000010be34309:   fa 00 74 11 48 83 c0 28 48 8b 44 08 18 c1 e8 18
0x000000010be34319:   83 e0 01 eb 02 31 c0 5d c3 55 48 89 e5 48 89 f8
0x000000010be34329:   48 8b 08 48 8b 49 10 48 85 c9 74 1c 89 f2 c1 fa
0x000000010be34339:   1f 31 f2 48 63 d2 48 c1 e2 05 48 8d 7c 11 28 48
0x000000010be34349:   89 c6 5d e9 1f 64 00 00 31 c0 5d c3 90 55 48 89
0x000000010be34359:   e5 48 8b 07 48 8b 40 10 48 85 c0 74 2a 89 f1 c1
0x000000010be34369:   f9 1f 31 f1 48 63 c9 48 c1 e1 05 48 8b 54 08 30
0x000000010be34379:   48 83 fa 00 74 11 48 83 c0 28 48 8b 44 08 18 c1
0x000000010be34389:   e8 19 83 e0 01 eb 02 31 c0 5d c3 55 48 89 e5 53
0x000000010be34399:   50 48 89 fb e8 22 00 00 00 48 98 0f b7 44 c3 40
0x000000010be343a9:   48 8b 44 c3 40 48 83 c4 08 5b 5d c3 90 55 48 89
0x000000010be343b9:   e5 48 63 c6 0f b7 44 c7 40 5d c3 55 48 89 e5 85
0x000000010be343c9:   d2 75 22 48 8b 47 10 48 85 c0 74 19 85 f6 79 02
0x000000010be343d9:   f7 d6 48 63 d6 48 c1 e2 05 b9 ff ff 00 00 48 23
0x000000010be343e9:   4c 10 28 eb 0b 48 8b 47 08 48 63 ce 8a 44 08 04
0x000000010be343f9:   0f b7 44 cf 42 5d c3 55 48 89 e5 53 50 48 89 fb
0x000000010be34409:   e8 b6 ff ff ff 48 98 0f b7 44 c3 42 48 8b 44 c3
0x000000010be34419:   40 48 83 c4 08 5b 5d c3 90 55 48 89 e5 48 63 c6
0x000000010be34429:   0f b7 44 c7 42 5d c3 55 48 89 e5 48 8b 47 10 48
0x000000010be34439:   63 ce 48 c1 e1 05 48 8b 44 08 28 0f b7 c0 5d c3
0x000000010be34449:   90 55 48 89 e5 85 d2 75 1e 48 8b 47 10 48 85 c0
0x000000010be34459:   74 15 85 f6 79 02 f7 d6 48 63 ce 48 c1 e1 05 48
0x000000010be34469:   8b 44 08 28 0f b7 f0 48 8b 47 08 48 63 ce 8a 44
0x000000010be34479:   08 04 5d c3 90 55 48 89 e5 41 57 41 56 53 50 41
0x000000010be34489:   89 d7 89 f3 49 89 fe 85 db 79 26 48 8d 3d b0 c0
0x000000010be34499:   57 00 48 8d 15 c2 c1 57 00 48 8d 0d fa c1 57 00
0x000000010be344a9:   be 97 02 00 00 31 c0 e8 f2 6e 00 00 e8 8c ea 3c
0x000000010be344b9:   00 45 84 ff 75 18 49 8b 46 10 48 85 c0 74 0f 48
0x000000010be344c9:   63 cb 48 c1 e1 05 48 8b 44 08 28 0f b7 d8 48 63
0x000000010be344d9:   c3 41 0f b7 44 c6 40 48 83 c4 08 5b 41 5e 41 5f
0x000000010be344e9:   5d c3 90 55 48 89 e5 41 56 53 49 89 d6 48 89 fb 


Stack slot to memory mapping:
stack at sp + 0 slots: 0x000070000cd53f10 is pointing into the stack for thread: 0x00007fe4ae893000
stack at sp + 1 slots: 0x000000010be3440e: _ZN12ConstantPool21impl_signature_ref_atEib+0xe in /Library/Java/JavaVirtualMachines/jdk-13.0.1.jdk/Contents/Home/lib/server/libjvm.dylib at 0x000000010bbdd000
stack at sp + 2 slots: 0x000000012c369490 is pointing into metadata
stack at sp + 3 slots: 0x000070000cd54560 is pointing into the stack for thread: 0x00007fe4ae893000
stack at sp + 4 slots: 0x000070000cd543a0 is pointing into the stack for thread: 0x00007fe4ae893000
stack at sp + 5 slots: 0x000000010bf2931e: _ZN14GenerateOopMap9do_methodEiiii+0x40 in /Library/Java/JavaVirtualMachines/jdk-13.0.1.jdk/Contents/Home/lib/server/libjvm.dylib at 0x000000010bbdd000
stack at sp + 6 slots: 0x000000010c50c0a8: _ZTV16ComputeCallStack+0x10 in /Library/Java/JavaVirtualMachines/jdk-13.0.1.jdk/Contents/Home/lib/server/libjvm.dylib at 0x000000010bbdd000
stack at sp + 7 slots: 0x00000008003daa98 is pointing into metadata


---------------  P R O C E S S  ---------------

Threads class SMR info:
_java_thread_list=0x00007fe4ae641b10, length=13, elements={
0x00007fe4af006800, 0x00007fe4af009800, 0x00007fe4ae801000, 0x00007fe4af00b800,
0x00007fe4af00f000, 0x00007fe4af010000, 0x00007fe4ae80e000, 0x00007fe4ae893000,
0x00007fe4ae894000, 0x00007fe4ae805800, 0x00007fe4ae897800, 0x00007fe4af85f000,
0x00007fe4af0be000
}

Java Threads: ( => current thread )
  0x00007fe4af006800 JavaThread "Reference Handler" daemon [_thread_blocked, id=17155, stack(0x000070000c540000,0x000070000c640000)]
  0x00007fe4af009800 JavaThread "Finalizer" daemon [_thread_blocked, id=14339, stack(0x000070000c643000,0x000070000c743000)]
  0x00007fe4ae801000 JavaThread "Signal Dispatcher" daemon [_thread_blocked, id=43267, stack(0x000070000c746000,0x000070000c846000)]
  0x00007fe4af00b800 JavaThread "C2 CompilerThread0" daemon [_thread_blocked, id=22531, stack(0x000070000c849000,0x000070000c949000)]
  0x00007fe4af00f000 JavaThread "C1 CompilerThread0" daemon [_thread_blocked, id=23043, stack(0x000070000c94c000,0x000070000ca4c000)]
  0x00007fe4af010000 JavaThread "Sweeper thread" daemon [_thread_blocked, id=42499, stack(0x000070000ca4f000,0x000070000cb4f000)]
  0x00007fe4ae80e000 JavaThread "Common-Cleaner" daemon [_thread_blocked, id=23811, stack(0x000070000cb52000,0x000070000cc52000)]
=>0x00007fe4ae893000 JavaThread "JDWP Transport Listener: dt_socket" daemon [_thread_in_vm, id=24579, stack(0x000070000cc55000,0x000070000cd55000)]
  0x00007fe4ae894000 JavaThread "JDWP Event Helper Thread" daemon [_thread_blocked, id=24835, stack(0x000070000cd58000,0x000070000ce58000)]
  0x00007fe4ae805800 JavaThread "JDWP Command Reader" daemon [_thread_in_native, id=25603, stack(0x000070000ce5b000,0x000070000cf5b000)]
  0x00007fe4ae897800 JavaThread "Service Thread" daemon [_thread_blocked, id=25859, stack(0x000070000cf5e000,0x000070000d05e000)]
  0x00007fe4af85f000 JavaThread "Thread-1" [_thread_blocked, id=39683, stack(0x000070000d267000,0x000070000d367000)]
  0x00007fe4af0be000 JavaThread "DestroyJavaVM" [_thread_blocked, id=6403, stack(0x000070000be2b000,0x000070000bf2b000)]

Other Threads:
  0x00007fe4ae804800 VMThread "VM Thread" [stack: 0x000070000c43d000,0x000070000c53d000] [id=13571]
  0x00007fe4af85e800 WatcherThread [stack: 0x000070000d061000,0x000070000d161000] [id=26115]
  0x00007fe4b0030800 GCTaskThread "GC Thread#0" [stack: 0x000070000bf2e000,0x000070000c02e000] [id=12547]
  0x00007fe4af812000 ConcurrentGCThread "G1 Main Marker" [stack: 0x000070000c031000,0x000070000c131000] [id=20739]
  0x00007fe4af812800 ConcurrentGCThread "G1 Conc#0" [stack: 0x000070000c134000,0x000070000c234000] [id=19715]
  0x00007fe4b0058000 ConcurrentGCThread "G1 Refine#0" [stack: 0x000070000c237000,0x000070000c337000] [id=19203]
  0x00007fe4b0058800 ConcurrentGCThread "G1 Young RemSet Sampling" [stack: 0x000070000c33a000,0x000070000c43a000] [id=18947]

Threads with active compile tasks:

VM state:not at safepoint (normal execution)

VM Mutex/Monitor currently owned by a thread: None

Heap address: 0x0000000780000000, size: 2048 MB, Compressed Oops mode: Zero based, Oop shift amount: 3
Narrow klass base: 0x0000000800000000, Narrow klass shift: 3
Compressed class space size: 1073741824 Address: 0x0000000800ae0000

Heap:
 garbage-first heap   total 133120K, used 5880K [0x0000000780000000, 0x0000000800000000)
  region size 1024K, 6 young (6144K), 0 survivors (0K)
 Metaspace       used 2718K, capacity 4846K, committed 5120K, reserved 1056768K
  class space    used 262K, capacity 443K, committed 512K, reserved 1048576K
Heap Regions: E=young(eden), S=young(survivor), O=old, HS=humongous(starts), HC=humongous(continues), CS=collection set, F=free, A=archive, TAMS=top-at-mark-start (previous, next)
|   0|0x0000000780000000, 0x0000000780000000, 0x0000000780100000|  0%| F|  |TAMS 0x0000000780000000, 0x0000000780000000| Untracked 
|   1|0x0000000780100000, 0x0000000780100000, 0x0000000780200000|  0%| F|  |TAMS 0x0000000780100000, 0x0000000780100000| Untracked 
|   2|0x0000000780200000, 0x0000000780200000, 0x0000000780300000|  0%| F|  |TAMS 0x0000000780200000, 0x0000000780200000| Untracked 
|   3|0x0000000780300000, 0x0000000780300000, 0x0000000780400000|  0%| F|  |TAMS 0x0000000780300000, 0x0000000780300000| Untracked 
|   4|0x0000000780400000, 0x0000000780400000, 0x0000000780500000|  0%| F|  |TAMS 0x0000000780400000, 0x0000000780400000| Untracked 
|   5|0x0000000780500000, 0x0000000780500000, 0x0000000780600000|  0%| F|  |TAMS 0x0000000780500000, 0x0000000780500000| Untracked 
|   6|0x0000000780600000, 0x0000000780600000, 0x0000000780700000|  0%| F|  |TAMS 0x0000000780600000, 0x0000000780600000| Untracked 
|   7|0x0000000780700000, 0x0000000780700000, 0x0000000780800000|  0%| F|  |TAMS 0x0000000780700000, 0x0000000780700000| Untracked 
|   8|0x0000000780800000, 0x0000000780800000, 0x0000000780900000|  0%| F|  |TAMS 0x0000000780800000, 0x0000000780800000| Untracked 
|   9|0x0000000780900000, 0x0000000780900000, 0x0000000780a00000|  0%| F|  |TAMS 0x0000000780900000, 0x0000000780900000| Untracked 
|  10|0x0000000780a00000, 0x0000000780a00000, 0x0000000780b00000|  0%| F|  |TAMS 0x0000000780a00000, 0x0000000780a00000| Untracked 
|  11|0x0000000780b00000, 0x0000000780b00000, 0x0000000780c00000|  0%| F|  |TAMS 0x0000000780b00000, 0x0000000780b00000| Untracked 
|  12|0x0000000780c00000, 0x0000000780c00000, 0x0000000780d00000|  0%| F|  |TAMS 0x0000000780c00000, 0x0000000780c00000| Untracked 
|  13|0x0000000780d00000, 0x0000000780d00000, 0x0000000780e00000|  0%| F|  |TAMS 0x0000000780d00000, 0x0000000780d00000| Untracked 
|  14|0x0000000780e00000, 0x0000000780e00000, 0x0000000780f00000|  0%| F|  |TAMS 0x0000000780e00000, 0x0000000780e00000| Untracked 
|  15|0x0000000780f00000, 0x0000000780f00000, 0x0000000781000000|  0%| F|  |TAMS 0x0000000780f00000, 0x0000000780f00000| Untracked 
|  16|0x0000000781000000, 0x0000000781000000, 0x0000000781100000|  0%| F|  |TAMS 0x0000000781000000, 0x0000000781000000| Untracked 
|  17|0x0000000781100000, 0x0000000781100000, 0x0000000781200000|  0%| F|  |TAMS 0x0000000781100000, 0x0000000781100000| Untracked 
|  18|0x0000000781200000, 0x0000000781200000, 0x0000000781300000|  0%| F|  |TAMS 0x0000000781200000, 0x0000000781200000| Untracked 
|  19|0x0000000781300000, 0x0000000781300000, 0x0000000781400000|  0%| F|  |TAMS 0x0000000781300000, 0x0000000781300000| Untracked 
|  20|0x0000000781400000, 0x0000000781400000, 0x0000000781500000|  0%| F|  |TAMS 0x0000000781400000, 0x0000000781400000| Untracked 
|  21|0x0000000781500000, 0x0000000781500000, 0x0000000781600000|  0%| F|  |TAMS 0x0000000781500000, 0x0000000781500000| Untracked 
|  22|0x0000000781600000, 0x0000000781600000, 0x0000000781700000|  0%| F|  |TAMS 0x0000000781600000, 0x0000000781600000| Untracked 
|  23|0x0000000781700000, 0x0000000781700000, 0x0000000781800000|  0%| F|  |TAMS 0x0000000781700000, 0x0000000781700000| Untracked 
|  24|0x0000000781800000, 0x0000000781800000, 0x0000000781900000|  0%| F|  |TAMS 0x0000000781800000, 0x0000000781800000| Untracked 
|  25|0x0000000781900000, 0x0000000781900000, 0x0000000781a00000|  0%| F|  |TAMS 0x0000000781900000, 0x0000000781900000| Untracked 
|  26|0x0000000781a00000, 0x0000000781a00000, 0x0000000781b00000|  0%| F|  |TAMS 0x0000000781a00000, 0x0000000781a00000| Untracked 
|  27|0x0000000781b00000, 0x0000000781b00000, 0x0000000781c00000|  0%| F|  |TAMS 0x0000000781b00000, 0x0000000781b00000| Untracked 
|  28|0x0000000781c00000, 0x0000000781c00000, 0x0000000781d00000|  0%| F|  |TAMS 0x0000000781c00000, 0x0000000781c00000| Untracked 
|  29|0x0000000781d00000, 0x0000000781d00000, 0x0000000781e00000|  0%| F|  |TAMS 0x0000000781d00000, 0x0000000781d00000| Untracked 
|  30|0x0000000781e00000, 0x0000000781e00000, 0x0000000781f00000|  0%| F|  |TAMS 0x0000000781e00000, 0x0000000781e00000| Untracked 
|  31|0x0000000781f00000, 0x0000000781f00000, 0x0000000782000000|  0%| F|  |TAMS 0x0000000781f00000, 0x0000000781f00000| Untracked 
|  32|0x0000000782000000, 0x0000000782000000, 0x0000000782100000|  0%| F|  |TAMS 0x0000000782000000, 0x0000000782000000| Untracked 
|  33|0x0000000782100000, 0x0000000782100000, 0x0000000782200000|  0%| F|  |TAMS 0x0000000782100000, 0x0000000782100000| Untracked 
|  34|0x0000000782200000, 0x0000000782200000, 0x0000000782300000|  0%| F|  |TAMS 0x0000000782200000, 0x0000000782200000| Untracked 
|  35|0x0000000782300000, 0x0000000782300000, 0x0000000782400000|  0%| F|  |TAMS 0x0000000782300000, 0x0000000782300000| Untracked 
|  36|0x0000000782400000, 0x0000000782400000, 0x0000000782500000|  0%| F|  |TAMS 0x0000000782400000, 0x0000000782400000| Untracked 
|  37|0x0000000782500000, 0x0000000782500000, 0x0000000782600000|  0%| F|  |TAMS 0x0000000782500000, 0x0000000782500000| Untracked 
|  38|0x0000000782600000, 0x0000000782600000, 0x0000000782700000|  0%| F|  |TAMS 0x0000000782600000, 0x0000000782600000| Untracked 
|  39|0x0000000782700000, 0x0000000782700000, 0x0000000782800000|  0%| F|  |TAMS 0x0000000782700000, 0x0000000782700000| Untracked 
|  40|0x0000000782800000, 0x0000000782800000, 0x0000000782900000|  0%| F|  |TAMS 0x0000000782800000, 0x0000000782800000| Untracked 
|  41|0x0000000782900000, 0x0000000782900000, 0x0000000782a00000|  0%| F|  |TAMS 0x0000000782900000, 0x0000000782900000| Untracked 
|  42|0x0000000782a00000, 0x0000000782a00000, 0x0000000782b00000|  0%| F|  |TAMS 0x0000000782a00000, 0x0000000782a00000| Untracked 
|  43|0x0000000782b00000, 0x0000000782b00000, 0x0000000782c00000|  0%| F|  |TAMS 0x0000000782b00000, 0x0000000782b00000| Untracked 
|  44|0x0000000782c00000, 0x0000000782c00000, 0x0000000782d00000|  0%| F|  |TAMS 0x0000000782c00000, 0x0000000782c00000| Untracked 
|  45|0x0000000782d00000, 0x0000000782d00000, 0x0000000782e00000|  0%| F|  |TAMS 0x0000000782d00000, 0x0000000782d00000| Untracked 
|  46|0x0000000782e00000, 0x0000000782e00000, 0x0000000782f00000|  0%| F|  |TAMS 0x0000000782e00000, 0x0000000782e00000| Untracked 
|  47|0x0000000782f00000, 0x0000000782f00000, 0x0000000783000000|  0%| F|  |TAMS 0x0000000782f00000, 0x0000000782f00000| Untracked 
|  48|0x0000000783000000, 0x0000000783000000, 0x0000000783100000|  0%| F|  |TAMS 0x0000000783000000, 0x0000000783000000| Untracked 
|  49|0x0000000783100000, 0x0000000783100000, 0x0000000783200000|  0%| F|  |TAMS 0x0000000783100000, 0x0000000783100000| Untracked 
|  50|0x0000000783200000, 0x0000000783200000, 0x0000000783300000|  0%| F|  |TAMS 0x0000000783200000, 0x0000000783200000| Untracked 
|  51|0x0000000783300000, 0x0000000783300000, 0x0000000783400000|  0%| F|  |TAMS 0x0000000783300000, 0x0000000783300000| Untracked 
|  52|0x0000000783400000, 0x0000000783400000, 0x0000000783500000|  0%| F|  |TAMS 0x0000000783400000, 0x0000000783400000| Untracked 
|  53|0x0000000783500000, 0x0000000783500000, 0x0000000783600000|  0%| F|  |TAMS 0x0000000783500000, 0x0000000783500000| Untracked 
|  54|0x0000000783600000, 0x0000000783600000, 0x0000000783700000|  0%| F|  |TAMS 0x0000000783600000, 0x0000000783600000| Untracked 
|  55|0x0000000783700000, 0x0000000783700000, 0x0000000783800000|  0%| F|  |TAMS 0x0000000783700000, 0x0000000783700000| Untracked 
|  56|0x0000000783800000, 0x0000000783800000, 0x0000000783900000|  0%| F|  |TAMS 0x0000000783800000, 0x0000000783800000| Untracked 
|  57|0x0000000783900000, 0x0000000783900000, 0x0000000783a00000|  0%| F|  |TAMS 0x0000000783900000, 0x0000000783900000| Untracked 
|  58|0x0000000783a00000, 0x0000000783a00000, 0x0000000783b00000|  0%| F|  |TAMS 0x0000000783a00000, 0x0000000783a00000| Untracked 
|  59|0x0000000783b00000, 0x0000000783b00000, 0x0000000783c00000|  0%| F|  |TAMS 0x0000000783b00000, 0x0000000783b00000| Untracked 
|  60|0x0000000783c00000, 0x0000000783c00000, 0x0000000783d00000|  0%| F|  |TAMS 0x0000000783c00000, 0x0000000783c00000| Untracked 
|  61|0x0000000783d00000, 0x0000000783d00000, 0x0000000783e00000|  0%| F|  |TAMS 0x0000000783d00000, 0x0000000783d00000| Untracked 
|  62|0x0000000783e00000, 0x0000000783e00000, 0x0000000783f00000|  0%| F|  |TAMS 0x0000000783e00000, 0x0000000783e00000| Untracked 
|  63|0x0000000783f00000, 0x0000000783f00000, 0x0000000784000000|  0%| F|  |TAMS 0x0000000783f00000, 0x0000000783f00000| Untracked 
|  64|0x0000000784000000, 0x0000000784000000, 0x0000000784100000|  0%| F|  |TAMS 0x0000000784000000, 0x0000000784000000| Untracked 
|  65|0x0000000784100000, 0x0000000784100000, 0x0000000784200000|  0%| F|  |TAMS 0x0000000784100000, 0x0000000784100000| Untracked 
|  66|0x0000000784200000, 0x0000000784200000, 0x0000000784300000|  0%| F|  |TAMS 0x0000000784200000, 0x0000000784200000| Untracked 
|  67|0x0000000784300000, 0x0000000784300000, 0x0000000784400000|  0%| F|  |TAMS 0x0000000784300000, 0x0000000784300000| Untracked 
|  68|0x0000000784400000, 0x0000000784400000, 0x0000000784500000|  0%| F|  |TAMS 0x0000000784400000, 0x0000000784400000| Untracked 
|  69|0x0000000784500000, 0x0000000784500000, 0x0000000784600000|  0%| F|  |TAMS 0x0000000784500000, 0x0000000784500000| Untracked 
|  70|0x0000000784600000, 0x0000000784600000, 0x0000000784700000|  0%| F|  |TAMS 0x0000000784600000, 0x0000000784600000| Untracked 
|  71|0x0000000784700000, 0x0000000784700000, 0x0000000784800000|  0%| F|  |TAMS 0x0000000784700000, 0x0000000784700000| Untracked 
|  72|0x0000000784800000, 0x0000000784800000, 0x0000000784900000|  0%| F|  |TAMS 0x0000000784800000, 0x0000000784800000| Untracked 
|  73|0x0000000784900000, 0x0000000784900000, 0x0000000784a00000|  0%| F|  |TAMS 0x0000000784900000, 0x0000000784900000| Untracked 
|  74|0x0000000784a00000, 0x0000000784a00000, 0x0000000784b00000|  0%| F|  |TAMS 0x0000000784a00000, 0x0000000784a00000| Untracked 
|  75|0x0000000784b00000, 0x0000000784b00000, 0x0000000784c00000|  0%| F|  |TAMS 0x0000000784b00000, 0x0000000784b00000| Untracked 
|  76|0x0000000784c00000, 0x0000000784c00000, 0x0000000784d00000|  0%| F|  |TAMS 0x0000000784c00000, 0x0000000784c00000| Untracked 
|  77|0x0000000784d00000, 0x0000000784d00000, 0x0000000784e00000|  0%| F|  |TAMS 0x0000000784d00000, 0x0000000784d00000| Untracked 
|  78|0x0000000784e00000, 0x0000000784e00000, 0x0000000784f00000|  0%| F|  |TAMS 0x0000000784e00000, 0x0000000784e00000| Untracked 
|  79|0x0000000784f00000, 0x0000000784f00000, 0x0000000785000000|  0%| F|  |TAMS 0x0000000784f00000, 0x0000000784f00000| Untracked 
|  80|0x0000000785000000, 0x0000000785000000, 0x0000000785100000|  0%| F|  |TAMS 0x0000000785000000, 0x0000000785000000| Untracked 
|  81|0x0000000785100000, 0x0000000785100000, 0x0000000785200000|  0%| F|  |TAMS 0x0000000785100000, 0x0000000785100000| Untracked 
|  82|0x0000000785200000, 0x0000000785200000, 0x0000000785300000|  0%| F|  |TAMS 0x0000000785200000, 0x0000000785200000| Untracked 
|  83|0x0000000785300000, 0x0000000785300000, 0x0000000785400000|  0%| F|  |TAMS 0x0000000785300000, 0x0000000785300000| Untracked 
|  84|0x0000000785400000, 0x0000000785400000, 0x0000000785500000|  0%| F|  |TAMS 0x0000000785400000, 0x0000000785400000| Untracked 
|  85|0x0000000785500000, 0x0000000785500000, 0x0000000785600000|  0%| F|  |TAMS 0x0000000785500000, 0x0000000785500000| Untracked 
|  86|0x0000000785600000, 0x0000000785600000, 0x0000000785700000|  0%| F|  |TAMS 0x0000000785600000, 0x0000000785600000| Untracked 
|  87|0x0000000785700000, 0x0000000785700000, 0x0000000785800000|  0%| F|  |TAMS 0x0000000785700000, 0x0000000785700000| Untracked 
|  88|0x0000000785800000, 0x0000000785800000, 0x0000000785900000|  0%| F|  |TAMS 0x0000000785800000, 0x0000000785800000| Untracked 
|  89|0x0000000785900000, 0x0000000785900000, 0x0000000785a00000|  0%| F|  |TAMS 0x0000000785900000, 0x0000000785900000| Untracked 
|  90|0x0000000785a00000, 0x0000000785a00000, 0x0000000785b00000|  0%| F|  |TAMS 0x0000000785a00000, 0x0000000785a00000| Untracked 
|  91|0x0000000785b00000, 0x0000000785b00000, 0x0000000785c00000|  0%| F|  |TAMS 0x0000000785b00000, 0x0000000785b00000| Untracked 
|  92|0x0000000785c00000, 0x0000000785c00000, 0x0000000785d00000|  0%| F|  |TAMS 0x0000000785c00000, 0x0000000785c00000| Untracked 
|  93|0x0000000785d00000, 0x0000000785d00000, 0x0000000785e00000|  0%| F|  |TAMS 0x0000000785d00000, 0x0000000785d00000| Untracked 
|  94|0x0000000785e00000, 0x0000000785e00000, 0x0000000785f00000|  0%| F|  |TAMS 0x0000000785e00000, 0x0000000785e00000| Untracked 
|  95|0x0000000785f00000, 0x0000000785f00000, 0x0000000786000000|  0%| F|  |TAMS 0x0000000785f00000, 0x0000000785f00000| Untracked 
|  96|0x0000000786000000, 0x0000000786000000, 0x0000000786100000|  0%| F|  |TAMS 0x0000000786000000, 0x0000000786000000| Untracked 
|  97|0x0000000786100000, 0x0000000786100000, 0x0000000786200000|  0%| F|  |TAMS 0x0000000786100000, 0x0000000786100000| Untracked 
|  98|0x0000000786200000, 0x0000000786200000, 0x0000000786300000|  0%| F|  |TAMS 0x0000000786200000, 0x0000000786200000| Untracked 
|  99|0x0000000786300000, 0x0000000786300000, 0x0000000786400000|  0%| F|  |TAMS 0x0000000786300000, 0x0000000786300000| Untracked 
| 100|0x0000000786400000, 0x0000000786400000, 0x0000000786500000|  0%| F|  |TAMS 0x0000000786400000, 0x0000000786400000| Untracked 
| 101|0x0000000786500000, 0x0000000786500000, 0x0000000786600000|  0%| F|  |TAMS 0x0000000786500000, 0x0000000786500000| Untracked 
| 102|0x0000000786600000, 0x0000000786600000, 0x0000000786700000|  0%| F|  |TAMS 0x0000000786600000, 0x0000000786600000| Untracked 
| 103|0x0000000786700000, 0x0000000786700000, 0x0000000786800000|  0%| F|  |TAMS 0x0000000786700000, 0x0000000786700000| Untracked 
| 104|0x0000000786800000, 0x0000000786800000, 0x0000000786900000|  0%| F|  |TAMS 0x0000000786800000, 0x0000000786800000| Untracked 
| 105|0x0000000786900000, 0x0000000786900000, 0x0000000786a00000|  0%| F|  |TAMS 0x0000000786900000, 0x0000000786900000| Untracked 
| 106|0x0000000786a00000, 0x0000000786a00000, 0x0000000786b00000|  0%| F|  |TAMS 0x0000000786a00000, 0x0000000786a00000| Untracked 
| 107|0x0000000786b00000, 0x0000000786b00000, 0x0000000786c00000|  0%| F|  |TAMS 0x0000000786b00000, 0x0000000786b00000| Untracked 
| 108|0x0000000786c00000, 0x0000000786c00000, 0x0000000786d00000|  0%| F|  |TAMS 0x0000000786c00000, 0x0000000786c00000| Untracked 
| 109|0x0000000786d00000, 0x0000000786d00000, 0x0000000786e00000|  0%| F|  |TAMS 0x0000000786d00000, 0x0000000786d00000| Untracked 
| 110|0x0000000786e00000, 0x0000000786e00000, 0x0000000786f00000|  0%| F|  |TAMS 0x0000000786e00000, 0x0000000786e00000| Untracked 
| 111|0x0000000786f00000, 0x0000000786f00000, 0x0000000787000000|  0%| F|  |TAMS 0x0000000786f00000, 0x0000000786f00000| Untracked 
| 112|0x0000000787000000, 0x0000000787000000, 0x0000000787100000|  0%| F|  |TAMS 0x0000000787000000, 0x0000000787000000| Untracked 
| 113|0x0000000787100000, 0x0000000787100000, 0x0000000787200000|  0%| F|  |TAMS 0x0000000787100000, 0x0000000787100000| Untracked 
| 114|0x0000000787200000, 0x0000000787200000, 0x0000000787300000|  0%| F|  |TAMS 0x0000000787200000, 0x0000000787200000| Untracked 
| 115|0x0000000787300000, 0x0000000787300000, 0x0000000787400000|  0%| F|  |TAMS 0x0000000787300000, 0x0000000787300000| Untracked 
| 116|0x0000000787400000, 0x0000000787400000, 0x0000000787500000|  0%| F|  |TAMS 0x0000000787400000, 0x0000000787400000| Untracked 
| 117|0x0000000787500000, 0x0000000787500000, 0x0000000787600000|  0%| F|  |TAMS 0x0000000787500000, 0x0000000787500000| Untracked 
| 118|0x0000000787600000, 0x0000000787600000, 0x0000000787700000|  0%| F|  |TAMS 0x0000000787600000, 0x0000000787600000| Untracked 
| 119|0x0000000787700000, 0x0000000787700000, 0x0000000787800000|  0%| F|  |TAMS 0x0000000787700000, 0x0000000787700000| Untracked 
| 120|0x0000000787800000, 0x0000000787800000, 0x0000000787900000|  0%| F|  |TAMS 0x0000000787800000, 0x0000000787800000| Untracked 
| 121|0x0000000787900000, 0x0000000787900000, 0x0000000787a00000|  0%| F|  |TAMS 0x0000000787900000, 0x0000000787900000| Untracked 
| 122|0x0000000787a00000, 0x0000000787a00800, 0x0000000787b00000|  0%| E|  |TAMS 0x0000000787a00000, 0x0000000787a00000| Complete 
| 123|0x0000000787b00000, 0x0000000787c00000, 0x0000000787c00000|100%| E|CS|TAMS 0x0000000787b00000, 0x0000000787b00000| Complete 
| 124|0x0000000787c00000, 0x0000000787d00000, 0x0000000787d00000|100%| E|CS|TAMS 0x0000000787c00000, 0x0000000787c00000| Complete 
| 125|0x0000000787d00000, 0x0000000787e00000, 0x0000000787e00000|100%| E|CS|TAMS 0x0000000787d00000, 0x0000000787d00000| Complete 
| 126|0x0000000787e00000, 0x0000000787f00000, 0x0000000787f00000|100%| E|CS|TAMS 0x0000000787e00000, 0x0000000787e00000| Complete 
| 127|0x0000000787f00000, 0x0000000788000000, 0x0000000788000000|100%| E|CS|TAMS 0x0000000787f00000, 0x0000000787f00000| Complete 
|1022|0x00000007bfe00000, 0x00000007bfe47000, 0x00000007bff00000| 27%|OA|  |TAMS 0x00000007bfe00000, 0x00000007bfe00000| Untracked 
|1023|0x00000007bff00000, 0x00000007bff77000, 0x00000007c0000000| 46%|CA|  |TAMS 0x00000007bff00000, 0x00000007bff00000| Untracked 

Card table byte_map: [0x00000001161ab000,0x00000001165ab000] _byte_map_base: 0x00000001125ab000

Marking Bits (Prev, Next): (CMBitMap*) 0x00007fe4af801618, (CMBitMap*) 0x00007fe4af801658
 Prev Bits: [0x0000000125e1d000, 0x0000000127e1d000)
 Next Bits: [0x0000000127e1d000, 0x0000000129e1d000)

Polling page: 0x000000010c9fa000

Metaspace:

Usage:
  Non-class:      4.30 MB capacity,     2.40 MB ( 56%) used,     1.90 MB ( 44%) free+waste,     2.75 KB ( <1%) overhead. 
      Class:    443.00 KB capacity,   262.05 KB ( 59%) used,   179.38 KB ( 40%) free+waste,     1.56 KB ( <1%) overhead. 
       Both:      4.73 MB capacity,     2.66 MB ( 56%) used,     2.07 MB ( 44%) free+waste,     4.31 KB ( <1%) overhead. 

Virtual space:
  Non-class space:        8.00 MB reserved,       4.50 MB ( 56%) committed 
      Class space:        1.00 GB reserved,     512.00 KB ( <1%) committed 
             Both:        1.01 GB reserved,       5.00 MB ( <1%) committed 

Chunk freelists:
   Non-Class:  25.00 KB
       Class:  5.00 KB
        Both:  30.00 KB

MaxMetaspaceSize: unlimited
CompressedClassSpaceSize: 1.00 GB

CodeHeap 'non-profiled nmethods': size=120032Kb used=120Kb max_used=120Kb free=119911Kb
 bounds [0x000000011e8e5000, 0x000000011eb55000, 0x0000000125e1d000]
CodeHeap 'profiled nmethods': size=120032Kb used=518Kb max_used=518Kb free=119513Kb
 bounds [0x00000001173ad000, 0x000000011761d000, 0x000000011e8e5000]
CodeHeap 'non-nmethods': size=5696Kb used=1188Kb max_used=1202Kb free=4507Kb
 bounds [0x0000000116e1d000, 0x000000011708d000, 0x00000001173ad000]
 total_blobs=841 nmethods=372 adapters=275
 compilation: enabled
              stopped_count=0, restarted_count=0
 full_count=0

Compilation events (20 events):
Event: 0.639 Thread 0x00007fe4af00f000 nmethod 365 0x000000011742b410 code [0x000000011742b5c0, 0x000000011742b928]
Event: 0.651 Thread 0x00007fe4af00b800 nmethod 354 0x000000011e901d90 code [0x000000011e901f40, 0x000000011e902b58]
Event: 0.651 Thread 0x00007fe4af00b800  355       4       sun.security.provider.SHA2::lf_sigma1 (21 bytes)
Event: 0.652 Thread 0x00007fe4af00b800 nmethod 355 0x000000011e902d90 code [0x000000011e902f00, 0x000000011e902f58]
Event: 0.652 Thread 0x00007fe4af00b800  356       4       sun.security.provider.SHA2::lf_sigma0 (20 bytes)
Event: 0.653 Thread 0x00007fe4af00b800 nmethod 356 0x000000011e903090 code [0x000000011e903200, 0x000000011e903258]
Event: 95.075 Thread 0x00007fe4af00f000  366       3       org.eclipse.jdt.launching.internal.org.objectweb.asm.ClassReader::readUTF8 (23 bytes)
Event: 95.077 Thread 0x00007fe4af00f000 nmethod 366 0x000000011742ba10 code [0x000000011742bbc0, 0x000000011742bee8]
Event: 95.077 Thread 0x00007fe4af00f000  368       3       org.eclipse.jdt.launching.internal.org.objectweb.asm.Symbol::<init> (38 bytes)
Event: 95.077 Thread 0x00007fe4af00f000 nmethod 368 0x000000011742c090 code [0x000000011742c240, 0x000000011742c550]
Event: 95.077 Thread 0x00007fe4af00f000  370       3       org.eclipse.jdt.launching.internal.org.objectweb.asm.SymbolTable::add (39 bytes)
Event: 95.077 Thread 0x00007fe4af00f000 nmethod 370 0x000000011742c610 code [0x000000011742c7c0, 0x000000011742cbb0]
Event: 95.077 Thread 0x00007fe4af00f000  367       3       org.eclipse.jdt.launching.internal.org.objectweb.asm.SymbolTable$Entry::<init> (17 bytes)
Event: 95.078 Thread 0x00007fe4af00f000 nmethod 367 0x000000011742cd10 code [0x000000011742cec0, 0x000000011742d0c8]
Event: 95.078 Thread 0x00007fe4af00f000  369       3       java.lang.StringUTF16::compress (20 bytes)
Event: 95.078 Thread 0x00007fe4af00f000 nmethod 369 0x000000011742d190 code [0x000000011742d340, 0x000000011742d5e8]
Event: 202.864 Thread 0x00007fe4af00f000  371       3       org.eclipse.jdt.launching.internal.org.objectweb.asm.ClassReader::readUtf (161 bytes)
Event: 202.870 Thread 0x00007fe4af00f000 nmethod 371 0x000000011742d690 code [0x000000011742d880, 0x000000011742def8]
Event: 202.870 Thread 0x00007fe4af00f000  372       3       org.eclipse.jdt.launching.internal.org.objectweb.asm.SymbolTable::addConstantUtf8 (20 bytes)
Event: 202.871 Thread 0x00007fe4af00f000 nmethod 372 0x000000011742e290 code [0x000000011742e460, 0x000000011742e848]

GC Heap History (0 events):
No events

Deoptimization events (20 events):
Event: 0.325 Thread 0x00007fe4b0005800 Uncommon trap: trap_request=0xffffff45 fr.pc=0x000000011e8f27ec relative=0x0000000000000a6c
Event: 0.325 Thread 0x00007fe4b0005800 Uncommon trap: reason=unstable_if action=reinterpret pc=0x000000011e8f27ec method=java.util.HashMap.putVal(ILjava/lang/Object;Ljava/lang/Object;ZZ)Ljava/lang/Object; @ 181 c2
Event: 0.325 Thread 0x00007fe4b0005800 DEOPT PACKING pc=0x000000011e8f27ec sp=0x000070000bf29930
Event: 0.325 Thread 0x00007fe4b0005800 DEOPT UNPACKING pc=0x0000000116e65e25 sp=0x000070000bf298e0 mode 2
Event: 0.566 Thread 0x00007fe4b0005800 DEOPT PACKING pc=0x0000000117415a56 sp=0x000070000bf27870
Event: 0.566 Thread 0x00007fe4b0005800 DEOPT UNPACKING pc=0x0000000116e6633a sp=0x000070000bf26d58 mode 0
Event: 0.566 Thread 0x00007fe4b0005800 DEOPT PACKING pc=0x0000000117415a56 sp=0x000070000bf27870
Event: 0.566 Thread 0x00007fe4b0005800 DEOPT UNPACKING pc=0x0000000116e6633a sp=0x000070000bf26d58 mode 0
Event: 0.567 Thread 0x00007fe4b0005800 DEOPT PACKING pc=0x0000000117415a56 sp=0x000070000bf27870
Event: 0.567 Thread 0x00007fe4b0005800 DEOPT UNPACKING pc=0x0000000116e6633a sp=0x000070000bf26d58 mode 0
Event: 0.599 Thread 0x00007fe4b0005800 DEOPT PACKING pc=0x0000000117415c8b sp=0x000070000bf26610
Event: 0.599 Thread 0x00007fe4b0005800 DEOPT UNPACKING pc=0x0000000116e6633a sp=0x000070000bf25af8 mode 0
Event: 0.600 Thread 0x00007fe4b0005800 DEOPT PACKING pc=0x0000000117415a56 sp=0x000070000bf26610
Event: 0.600 Thread 0x00007fe4b0005800 DEOPT UNPACKING pc=0x0000000116e6633a sp=0x000070000bf25af8 mode 0
Event: 0.600 Thread 0x00007fe4b0005800 DEOPT PACKING pc=0x0000000117415a56 sp=0x000070000bf26610
Event: 0.600 Thread 0x00007fe4b0005800 DEOPT UNPACKING pc=0x0000000116e6633a sp=0x000070000bf25af8 mode 0
Event: 0.601 Thread 0x00007fe4b0005800 DEOPT PACKING pc=0x0000000117415a56 sp=0x000070000bf26610
Event: 0.601 Thread 0x00007fe4b0005800 DEOPT UNPACKING pc=0x0000000116e6633a sp=0x000070000bf25af8 mode 0
Event: 0.602 Thread 0x00007fe4b0005800 DEOPT PACKING pc=0x0000000117415c8b sp=0x000070000bf26610
Event: 0.602 Thread 0x00007fe4b0005800 DEOPT UNPACKING pc=0x0000000116e6633a sp=0x000070000bf25af8 mode 0

Classes unloaded (0 events):
No events

Classes redefined (2 events):
Event: 95.075 Thread 0x00007fe4ae804800 redefined class name=threadexample.Thread2, count=1
Event: 202.867 Thread 0x00007fe4ae804800 redefined class name=threadexample.Thread2, count=2

Internal exceptions (0 events):
No events

Events (20 events):
Event: 96.082 Executing VM operation: GetFrameLocation
Event: 96.082 Executing VM operation: GetFrameLocation done
Event: 96.082 Executing VM operation: get/set locals
Event: 96.082 Executing VM operation: get/set locals done
Event: 202.864 Executing VM operation: RedefineClasses
Event: 202.878 Executing VM operation: RedefineClasses done
Event: 202.884 Executing VM operation: ChangeBreakpoints
Event: 202.884 Executing VM operation: ChangeBreakpoints done
Event: 202.887 Executing VM operation: GetFrameCount
Event: 202.887 Executing VM operation: GetFrameCount done
Event: 202.887 Executing VM operation: GetStackTrace
Event: 202.887 Executing VM operation: GetStackTrace done
Event: 203.868 Executing VM operation: GetFrameCount
Event: 203.868 Executing VM operation: GetFrameCount done
Event: 203.868 Executing VM operation: GetOwnedMonitorInfo
Event: 203.868 Executing VM operation: GetOwnedMonitorInfo done
Event: 203.869 Executing VM operation: GetCurrentContendedMonitor
Event: 203.869 Executing VM operation: GetCurrentContendedMonitor done
Event: 203.935 Executing VM operation: GetFrameLocation
Event: 203.935 Executing VM operation: GetFrameLocation done


Dynamic libraries:
0x00007fff63a88000 	/usr/lib/libz.1.dylib
0x000000010bbb3000 	/Library/Java/JavaVirtualMachines/jdk-13.0.1.jdk/Contents/Home/lib/libjli.dylib
0x00007fff37ba8000 	/System/Library/Frameworks/Cocoa.framework/Versions/A/Cocoa
0x00007fff4396c000 	/System/Library/Frameworks/Security.framework/Versions/A/Security
0x00007fff3683a000 	/System/Library/Frameworks/ApplicationServices.framework/Versions/A/ApplicationServices
0x00007fff613df000 	/usr/lib/libSystem.B.dylib
0x00007fff6427e000 	/usr/lib/system/libcache.dylib
0x00007fff64283000 	/usr/lib/system/libcommonCrypto.dylib
0x00007fff6428e000 	/usr/lib/system/libcompiler_rt.dylib
0x00007fff64296000 	/usr/lib/system/libcopyfile.dylib
0x00007fff642a0000 	/usr/lib/system/libcorecrypto.dylib
0x00007fff643ab000 	/usr/lib/system/libdispatch.dylib
0x00007fff643e5000 	/usr/lib/system/libdyld.dylib
0x00007fff64412000 	/usr/lib/system/libkeymgr.dylib
0x00007fff64420000 	/usr/lib/system/liblaunch.dylib
0x00007fff64421000 	/usr/lib/system/libmacho.dylib
0x00007fff64427000 	/usr/lib/system/libquarantine.dylib
0x00007fff6442a000 	/usr/lib/system/libremovefile.dylib
0x00007fff6442c000 	/usr/lib/system/libsystem_asl.dylib
0x00007fff64444000 	/usr/lib/system/libsystem_blocks.dylib
0x00007fff64445000 	/usr/lib/system/libsystem_c.dylib
0x00007fff644cd000 	/usr/lib/system/libsystem_configuration.dylib
0x00007fff644d1000 	/usr/lib/system/libsystem_coreservices.dylib
0x00007fff644d5000 	/usr/lib/system/libsystem_darwin.dylib
0x00007fff644dc000 	/usr/lib/system/libsystem_dnssd.dylib
0x00007fff644e3000 	/usr/lib/system/libsystem_info.dylib
0x00007fff64558000 	/usr/lib/system/libsystem_m.dylib
0x00007fff645a4000 	/usr/lib/system/libsystem_malloc.dylib
0x00007fff645cf000 	/usr/lib/system/libsystem_networkextension.dylib
0x00007fff645da000 	/usr/lib/system/libsystem_notify.dylib
0x00007fff645f7000 	/usr/lib/system/libsystem_sandbox.dylib
0x00007fff645fb000 	/usr/lib/system/libsystem_secinit.dylib
0x00007fff6452f000 	/usr/lib/system/libsystem_kernel.dylib
0x00007fff645e2000 	/usr/lib/system/libsystem_platform.dylib
0x00007fff645ec000 	/usr/lib/system/libsystem_pthread.dylib
0x00007fff645fe000 	/usr/lib/system/libsystem_symptoms.dylib
0x00007fff64606000 	/usr/lib/system/libsystem_trace.dylib
0x00007fff6461d000 	/usr/lib/system/libunwind.dylib
0x00007fff64623000 	/usr/lib/system/libxpc.dylib
0x00007fff62c18000 	/usr/lib/libobjc.A.dylib
0x00007fff61678000 	/usr/lib/libc++abi.dylib
0x00007fff61624000 	/usr/lib/libc++.1.dylib
0x00007fff3841d000 	/System/Library/Frameworks/CoreFoundation.framework/Versions/A/CoreFoundation
0x00007fff3a6a2000 	/System/Library/Frameworks/Foundation.framework/Versions/C/Foundation
0x00007fff35a33000 	/System/Library/Frameworks/AppKit.framework/Versions/C/AppKit
0x00007fff37fa6000 	/System/Library/Frameworks/CoreData.framework/Versions/A/CoreData
0x00007fff5aea2000 	/System/Library/PrivateFrameworks/RemoteViewServices.framework/Versions/A/RemoteViewServices
0x00007fff5f11b000 	/System/Library/PrivateFrameworks/UIFoundation.framework/Versions/A/UIFoundation
0x00007fff60800000 	/System/Library/PrivateFrameworks/XCTTargetBootstrap.framework/Versions/A/XCTTargetBootstrap
0x00007fff3832c000 	/System/Library/Frameworks/CoreDisplay.framework/Versions/A/CoreDisplay
0x00007fff55bb5000 	/System/Library/PrivateFrameworks/IconServices.framework/Versions/A/IconServices
0x00007fff3cfd7000 	/System/Library/Frameworks/Metal.framework/Versions/A/Metal
0x00007fff4d0f9000 	/System/Library/PrivateFrameworks/DesktopServicesPriv.framework/Versions/A/DesktopServicesPriv
0x00007fff61f7b000 	/usr/lib/libenergytrace.dylib
0x00007fff5d601000 	/System/Library/PrivateFrameworks/SkyLight.framework/Versions/A/SkyLight
0x00007fff38864000 	/System/Library/Frameworks/CoreGraphics.framework/Versions/A/CoreGraphics
0x00007fff347ff000 	/System/Library/Frameworks/Accelerate.framework/Versions/A/Accelerate
0x00007fff3adeb000 	/System/Library/Frameworks/IOSurface.framework/Versions/A/IOSurface
0x00007fff4cf65000 	/System/Library/PrivateFrameworks/DFRFoundation.framework/Versions/A/DFRFoundation
0x00007fff36d1d000 	/System/Library/Frameworks/AudioToolbox.framework/Versions/A/AudioToolbox
0x00007fff36f96000 	/System/Library/Frameworks/AudioUnit.framework/Versions/A/AudioUnit
0x00007fff4cffa000 	/System/Library/PrivateFrameworks/DataDetectorsCore.framework/Versions/A/DataDetectorsCore
0x00007fff376ab000 	/System/Library/Frameworks/Carbon.framework/Versions/A/Frameworks/HIToolbox.framework/Versions/A/HIToolbox
0x00007fff620d4000 	/usr/lib/libicucore.A.dylib
0x00007fff42edf000 	/System/Library/Frameworks/QuartzCore.framework/Versions/A/QuartzCore
0x00007fff37a80000 	/System/Library/Frameworks/Carbon.framework/Versions/A/Frameworks/SpeechRecognition.framework/Versions/A/SpeechRecognition
0x00007fff61533000 	/usr/lib/libauto.dylib
0x00007fff6397b000 	/usr/lib/libxml2.2.dylib
0x00007fff4cb40000 	/System/Library/PrivateFrameworks/CoreUI.framework/Versions/A/CoreUI
0x00007fff37e91000 	/System/Library/Frameworks/CoreAudio.framework/Versions/A/CoreAudio
0x00007fff3a4d6000 	/System/Library/Frameworks/DiskArbitration.framework/Versions/A/DiskArbitration
0x00007fff62382000 	/usr/lib/liblangid.dylib
0x00007fff56fe6000 	/System/Library/PrivateFrameworks/MultitouchSupport.framework/Versions/A/MultitouchSupport
0x00007fff3ad5a000 	/System/Library/Frameworks/IOKit.framework/Versions/A/IOKit
0x00007fff60f9f000 	/usr/lib/libDiagnosticMessagesClient.dylib
0x00007fff39674000 	/System/Library/Frameworks/CoreServices.framework/Versions/A/CoreServices
0x00007fff58ca1000 	/System/Library/PrivateFrameworks/PerformanceAnalysis.framework/Versions/A/PerformanceAnalysis
0x00007fff420c6000 	/System/Library/Frameworks/OpenGL.framework/Versions/A/OpenGL
0x00007fff37bb6000 	/System/Library/Frameworks/ColorSync.framework/Versions/A/ColorSync
0x00007fff38ef6000 	/System/Library/Frameworks/CoreImage.framework/Versions/A/CoreImage
0x00007fff3a04c000 	/System/Library/Frameworks/CoreText.framework/Versions/A/CoreText
0x00007fff3ae4e000 	/System/Library/Frameworks/ImageIO.framework/Versions/A/ImageIO
0x00007fff49190000 	/System/Library/PrivateFrameworks/Backup.framework/Versions/A/Backup
0x00007fff61486000 	/usr/lib/libarchive.2.dylib
0x00007fff372ef000 	/System/Library/Frameworks/CFNetwork.framework/Versions/A/CFNetwork
0x00007fff440c8000 	/System/Library/Frameworks/SystemConfiguration.framework/Versions/A/SystemConfiguration
0x00007fff60ed0000 	/usr/lib/libCRFSuite.dylib
0x00007fff61605000 	/usr/lib/libbsm.0.dylib
0x00007fff64413000 	/usr/lib/system/libkxld.dylib
0x00007fff48581000 	/System/Library/PrivateFrameworks/AppleFSCompression.framework/Versions/A/AppleFSCompression
0x00007fff6129f000 	/usr/lib/libOpenScriptingUtil.dylib
0x00007fff6192d000 	/usr/lib/libcoretls.dylib
0x00007fff61944000 	/usr/lib/libcoretls_cfhelpers.dylib
0x00007fff633af000 	/usr/lib/libpam.2.dylib
0x00007fff6356f000 	/usr/lib/libsqlite3.dylib
0x00007fff63969000 	/usr/lib/libxar.1.dylib
0x00007fff61616000 	/usr/lib/libbz2.1.0.dylib
0x00007fff62384000 	/usr/lib/liblzma.5.dylib
0x00007fff62835000 	/usr/lib/libnetwork.dylib
0x00007fff6146f000 	/usr/lib/libapple_nghttp2.dylib
0x00007fff633b6000 	/usr/lib/libpcap.A.dylib
0x00007fff39a13000 	/System/Library/Frameworks/CoreServices.framework/Versions/A/Frameworks/FSEvents.framework/Versions/A/FSEvents
0x00007fff396f2000 	/System/Library/Frameworks/CoreServices.framework/Versions/A/Frameworks/CarbonCore.framework/Versions/A/CarbonCore
0x00007fff39bce000 	/System/Library/Frameworks/CoreServices.framework/Versions/A/Frameworks/Metadata.framework/Versions/A/Metadata
0x00007fff39c6d000 	/System/Library/Frameworks/CoreServices.framework/Versions/A/Frameworks/OSServices.framework/Versions/A/OSServices
0x00007fff39cb8000 	/System/Library/Frameworks/CoreServices.framework/Versions/A/Frameworks/SearchKit.framework/Versions/A/SearchKit
0x00007fff39675000 	/System/Library/Frameworks/CoreServices.framework/Versions/A/Frameworks/AE.framework/Versions/A/AE
0x00007fff39a1c000 	/System/Library/Frameworks/CoreServices.framework/Versions/A/Frameworks/LaunchServices.framework/Versions/A/LaunchServices
0x00007fff399ca000 	/System/Library/Frameworks/CoreServices.framework/Versions/A/Frameworks/DictionaryServices.framework/Versions/A/DictionaryServices
0x00007fff39d20000 	/System/Library/Frameworks/CoreServices.framework/Versions/A/Frameworks/SharedFileList.framework/Versions/A/SharedFileList
0x00007fff3e0a1000 	/System/Library/Frameworks/NetFS.framework/Versions/A/NetFS
0x00007fff5724c000 	/System/Library/PrivateFrameworks/NetAuth.framework/Versions/A/NetAuth
0x00007fff60c04000 	/System/Library/PrivateFrameworks/login.framework/Versions/A/Frameworks/loginsupport.framework/Versions/A/loginsupport
0x00007fff5ed24000 	/System/Library/PrivateFrameworks/TCC.framework/Versions/A/TCC
0x00007fff4c19d000 	/System/Library/PrivateFrameworks/CoreNLP.framework/Versions/A/CoreNLP
0x00007fff56cbc000 	/System/Library/PrivateFrameworks/MetadataUtilities.framework/Versions/A/MetadataUtilities
0x00007fff62459000 	/usr/lib/libmecabra.dylib
0x00007fff3683b000 	/System/Library/Frameworks/ApplicationServices.framework/Versions/A/Frameworks/ATS.framework/Versions/A/ATS
0x00007fff36b8a000 	/System/Library/Frameworks/ApplicationServices.framework/Versions/A/Frameworks/ColorSyncLegacy.framework/Versions/A/ColorSyncLegacy
0x00007fff36c29000 	/System/Library/Frameworks/ApplicationServices.framework/Versions/A/Frameworks/HIServices.framework/Versions/A/HIServices
0x00007fff36c7c000 	/System/Library/Frameworks/ApplicationServices.framework/Versions/A/Frameworks/LangAnalysis.framework/Versions/A/LangAnalysis
0x00007fff36c8c000 	/System/Library/Frameworks/ApplicationServices.framework/Versions/A/Frameworks/PrintCore.framework/Versions/A/PrintCore
0x00007fff36cd6000 	/System/Library/Frameworks/ApplicationServices.framework/Versions/A/Frameworks/QD.framework/Versions/A/QD
0x00007fff36d10000 	/System/Library/Frameworks/ApplicationServices.framework/Versions/A/Frameworks/SpeechSynthesis.framework/Versions/A/SpeechSynthesis
0x00007fff616a0000 	/usr/lib/libcompression.dylib
0x00007fff3d2a7000 	/System/Library/Frameworks/MetalPerformanceShaders.framework/Versions/A/MetalPerformanceShaders
0x00007fff34817000 	/System/Library/Frameworks/Accelerate.framework/Versions/A/Frameworks/vImage.framework/Versions/A/vImage
0x00007fff35891000 	/System/Library/Frameworks/Accelerate.framework/Versions/A/Frameworks/vecLib.framework/Versions/A/vecLib
0x00007fff357dd000 	/System/Library/Frameworks/Accelerate.framework/Versions/A/Frameworks/vecLib.framework/Versions/A/libvMisc.dylib
0x00007fff355f5000 	/System/Library/Frameworks/Accelerate.framework/Versions/A/Frameworks/vecLib.framework/Versions/A/libvDSP.dylib
0x00007fff34eb1000 	/System/Library/Frameworks/Accelerate.framework/Versions/A/Frameworks/vecLib.framework/Versions/A/libBLAS.dylib
0x00007fff3519e000 	/System/Library/Frameworks/Accelerate.framework/Versions/A/Frameworks/vecLib.framework/Versions/A/libLAPACK.dylib
0x00007fff35548000 	/System/Library/Frameworks/Accelerate.framework/Versions/A/Frameworks/vecLib.framework/Versions/A/libLinearAlgebra.dylib
0x00007fff355e1000 	/System/Library/Frameworks/Accelerate.framework/Versions/A/Frameworks/vecLib.framework/Versions/A/libSparseBLAS.dylib
0x00007fff3555e000 	/System/Library/Frameworks/Accelerate.framework/Versions/A/Frameworks/vecLib.framework/Versions/A/libQuadrature.dylib
0x00007fff3512b000 	/System/Library/Frameworks/Accelerate.framework/Versions/A/Frameworks/vecLib.framework/Versions/A/libBNNS.dylib
0x00007fff35564000 	/System/Library/Frameworks/Accelerate.framework/Versions/A/Frameworks/vecLib.framework/Versions/A/libSparse.dylib
0x00007fff534eb000 	/System/Library/PrivateFrameworks/GPUWrangler.framework/Versions/A/GPUWrangler
0x00007fff557ea000 	/System/Library/PrivateFrameworks/IOAccelerator.framework/Versions/A/IOAccelerator
0x00007fff557f5000 	/System/Library/PrivateFrameworks/IOPresentment.framework/Versions/A/IOPresentment
0x00007fff4cf75000 	/System/Library/PrivateFrameworks/DSExternalDisplay.framework/Versions/A/DSExternalDisplay
0x00007fff4151d000 	/System/Library/Frameworks/OpenGL.framework/Versions/A/Libraries/libCoreFSCache.dylib
0x00007fff3d09b000 	/System/Library/Frameworks/MetalPerformanceShaders.framework/Frameworks/MPSCore.framework/Versions/A/MPSCore
0x00007fff3d0bb000 	/System/Library/Frameworks/MetalPerformanceShaders.framework/Frameworks/MPSImage.framework/Versions/A/MPSImage
0x00007fff3d160000 	/System/Library/Frameworks/MetalPerformanceShaders.framework/Frameworks/MPSNeuralNetwork.framework/Versions/A/MPSNeuralNetwork
0x00007fff3d138000 	/System/Library/Frameworks/MetalPerformanceShaders.framework/Frameworks/MPSMatrix.framework/Versions/A/MPSMatrix
0x00007fff3d28c000 	/System/Library/Frameworks/MetalPerformanceShaders.framework/Frameworks/MPSRayIntersector.framework/Versions/A/MPSRayIntersector
0x00007fff56ce5000 	/System/Library/PrivateFrameworks/MetalTools.framework/Versions/A/MetalTools
0x00007fff47e2b000 	/System/Library/PrivateFrameworks/AggregateDictionary.framework/Versions/A/AggregateDictionary
0x00007fff6127f000 	/usr/lib/libMobileGestalt.dylib
0x00007fff3a1af000 	/System/Library/Frameworks/CoreVideo.framework/Versions/A/CoreVideo
0x00007fff542fc000 	/System/Library/PrivateFrameworks/GraphVisualizer.framework/Versions/A/GraphVisualizer
0x00007fff4e17b000 	/System/Library/PrivateFrameworks/FaceCore.framework/Versions/A/FaceCore
0x00007fff40b4b000 	/System/Library/Frameworks/OpenCL.framework/Versions/A/OpenCL
0x00007fff60fd7000 	/usr/lib/libFosl_dynamic.dylib
0x00007fff57ab7000 	/System/Library/PrivateFrameworks/OTSVG.framework/Versions/A/OTSVG
0x00007fff3693f000 	/System/Library/Frameworks/ApplicationServices.framework/Versions/A/Frameworks/ATS.framework/Versions/A/Resources/libFontParser.dylib
0x00007fff36a57000 	/System/Library/Frameworks/ApplicationServices.framework/Versions/A/Frameworks/ATS.framework/Versions/A/Resources/libFontRegistry.dylib
0x00007fff3b0bd000 	/System/Library/Frameworks/ImageIO.framework/Versions/A/Resources/libJPEG.dylib
0x00007fff3b3e2000 	/System/Library/Frameworks/ImageIO.framework/Versions/A/Resources/libTIFF.dylib
0x00007fff3b3b8000 	/System/Library/Frameworks/ImageIO.framework/Versions/A/Resources/libPng.dylib
0x00007fff3afdb000 	/System/Library/Frameworks/ImageIO.framework/Versions/A/Resources/libGIF.dylib
0x00007fff3afe0000 	/System/Library/Frameworks/ImageIO.framework/Versions/A/Resources/libJP2.dylib
0x00007fff3b3df000 	/System/Library/Frameworks/ImageIO.framework/Versions/A/Resources/libRadiance.dylib
0x00007fff486d8000 	/System/Library/PrivateFrameworks/AppleJPEG.framework/Versions/A/AppleJPEG
0x00007fff41528000 	/System/Library/Frameworks/OpenGL.framework/Versions/A/Libraries/libGFXShared.dylib
0x00007fff416eb000 	/System/Library/Frameworks/OpenGL.framework/Versions/A/Libraries/libGLU.dylib
0x00007fff41531000 	/System/Library/Frameworks/OpenGL.framework/Versions/A/Libraries/libGL.dylib
0x00007fff4153d000 	/System/Library/Frameworks/OpenGL.framework/Versions/A/Libraries/libGLImage.dylib
0x00007fff4151a000 	/System/Library/Frameworks/OpenGL.framework/Versions/A/Libraries/libCVMSPluginSupport.dylib
0x00007fff41523000 	/System/Library/Frameworks/OpenGL.framework/Versions/A/Libraries/libCoreVMClient.dylib
0x00007fff61df1000 	/usr/lib/libcups.2.dylib
0x00007fff3c5a2000 	/System/Library/Frameworks/Kerberos.framework/Versions/A/Kerberos
0x00007fff3aabe000 	/System/Library/Frameworks/GSS.framework/Versions/A/GSS
0x00007fff63504000 	/usr/lib/libresolv.9.dylib
0x00007fff61fe3000 	/usr/lib/libiconv.2.dylib
0x00007fff54471000 	/System/Library/PrivateFrameworks/Heimdal.framework/Versions/A/Heimdal
0x00007fff61fb3000 	/usr/lib/libheimdal-asn1.dylib
0x00007fff40bbf000 	/System/Library/Frameworks/OpenDirectory.framework/Versions/A/OpenDirectory
0x00007fff4af00000 	/System/Library/PrivateFrameworks/CommonAuth.framework/Versions/A/CommonAuth
0x00007fff40ba3000 	/System/Library/Frameworks/OpenDirectory.framework/Versions/A/Frameworks/CFOpenDirectory.framework/Versions/A/CFOpenDirectory
0x00007fff43c6d000 	/System/Library/Frameworks/SecurityFoundation.framework/Versions/A/SecurityFoundation
0x00007fff47371000 	/System/Library/PrivateFrameworks/APFS.framework/Versions/A/APFS
0x00007fff63965000 	/usr/lib/libutil.dylib
0x00007fff6168e000 	/usr/lib/libcharset.1.dylib
0x00007fff48975000 	/System/Library/PrivateFrameworks/AppleSauce.framework/Versions/A/AppleSauce
0x00007fff48af6000 	/System/Library/PrivateFrameworks/AssertionServices.framework/Versions/A/AssertionServices
0x00007fff49226000 	/System/Library/PrivateFrameworks/BaseBoard.framework/Versions/A/BaseBoard
0x00007fff623b4000 	/usr/lib/libmecab.1.0.0.dylib
0x00007fff61fad000 	/usr/lib/libgermantok.dylib
0x00007fff6145c000 	/usr/lib/libThaiTokenizer.dylib
0x00007fff60f07000 	/usr/lib/libChineseTokenizer.dylib
0x00007fff55ea2000 	/System/Library/PrivateFrameworks/LanguageModeling.framework/Versions/A/LanguageModeling
0x00007fff4bbe2000 	/System/Library/PrivateFrameworks/CoreEmoji.framework/Versions/A/CoreEmoji
0x00007fff55f7e000 	/System/Library/PrivateFrameworks/Lexicon.framework/Versions/A/Lexicon
0x00007fff55fc1000 	/System/Library/PrivateFrameworks/LinguisticData.framework/Versions/A/LinguisticData
0x00007fff6168f000 	/usr/lib/libcmph.dylib
0x00007fff43d2b000 	/System/Library/Frameworks/ServiceManagement.framework/Versions/A/ServiceManagement
0x00007fff49187000 	/System/Library/PrivateFrameworks/BackgroundTaskManagement.framework/Versions/A/BackgroundTaskManagement
0x00007fff63a5f000 	/usr/lib/libxslt.1.dylib
0x00007fff379ad000 	/System/Library/Frameworks/Carbon.framework/Versions/A/Frameworks/Ink.framework/Versions/A/Ink
0x00007fff5ef96000 	/System/Library/PrivateFrameworks/TextureIO.framework/Versions/A/TextureIO
0x00007fff614b0000 	/usr/lib/libate.dylib
0x00007fff4cec4000 	/System/Library/PrivateFrameworks/CrashReporterSupport.framework/Versions/A/CrashReporterSupport
0x00007fff5c6ce000 	/System/Library/PrivateFrameworks/Sharing.framework/Versions/A/Sharing
0x00007fff48ed9000 	/System/Library/PrivateFrameworks/AuthKit.framework/Versions/A/AuthKit
0x00007fff4842d000 	/System/Library/PrivateFrameworks/Apple80211.framework/Versions/A/Apple80211
0x00007fff4cc6c000 	/System/Library/PrivateFrameworks/CoreUtils.framework/Versions/A/CoreUtils
0x00007fff3a1f0000 	/System/Library/Frameworks/CoreWLAN.framework/Versions/A/CoreWLAN
0x00007fff3abed000 	/System/Library/Frameworks/IOBluetooth.framework/Versions/A/IOBluetooth
0x00007fff5ab42000 	/System/Library/PrivateFrameworks/ProtocolBuffer.framework/Versions/A/ProtocolBuffer
0x00007fff56f42000 	/System/Library/PrivateFrameworks/MobileKeyBag.framework/Versions/A/MobileKeyBag
0x00007fff4c4b0000 	/System/Library/PrivateFrameworks/CorePhoneNumbers.framework/Versions/A/CorePhoneNumbers
0x00007fff4868c000 	/System/Library/PrivateFrameworks/AppleIDAuthSupport.framework/Versions/A/AppleIDAuthSupport
0x00007fff55e75000 	/System/Library/PrivateFrameworks/KeychainCircle.framework/Versions/A/KeychainCircle
0x00007fff5acf8000 	/System/Library/PrivateFrameworks/ROCKit.framework/Versions/A/ROCKit
0x00007fff4ce60000 	/System/Library/PrivateFrameworks/CoreWiFi.framework/Versions/A/CoreWiFi
0x00007fff37f7b000 	/System/Library/Frameworks/CoreBluetooth.framework/Versions/A/CoreBluetooth
0x00007fff4d0bb000 	/System/Library/PrivateFrameworks/DebugSymbols.framework/Versions/A/DebugSymbols
0x00007fff4ca2c000 	/System/Library/PrivateFrameworks/CoreSymbolication.framework/Versions/A/CoreSymbolication
0x00007fff5e7b1000 	/System/Library/PrivateFrameworks/Symbolication.framework/Versions/A/Symbolication
0x00007fff5e054000 	/System/Library/PrivateFrameworks/SpeechRecognitionCore.framework/Versions/A/SpeechRecognitionCore
0x000000010bbdd000 	/Library/Java/JavaVirtualMachines/jdk-13.0.1.jdk/Contents/Home/lib/server/libjvm.dylib
0x000000010c9be000 	/Library/Java/JavaVirtualMachines/jdk-13.0.1.jdk/Contents/Home/lib/libverify.dylib
0x000000010c9ca000 	/Library/Java/JavaVirtualMachines/jdk-13.0.1.jdk/Contents/Home/lib/libjava.dylib
0x000000010d20b000 	/Library/Java/JavaVirtualMachines/jdk-13.0.1.jdk/Contents/Home/lib/libjdwp.dylib
0x000000010d241000 	/Library/Java/JavaVirtualMachines/jdk-13.0.1.jdk/Contents/Home/lib/libinstrument.dylib
0x000000010d2c4000 	/Library/Java/JavaVirtualMachines/jdk-13.0.1.jdk/Contents/Home/lib/libzip.dylib
0x000000010d2cb000 	/Library/Java/JavaVirtualMachines/jdk-13.0.1.jdk/Contents/Home/lib/libjimage.dylib
0x000000012c8c0000 	/Library/Java/JavaVirtualMachines/jdk-13.0.1.jdk/Contents/Home/lib/libdt_socket.dylib
0x000000012c8ee000 	/Library/Java/JavaVirtualMachines/jdk-13.0.1.jdk/Contents/Home/lib/libnio.dylib
0x000000012c8fc000 	/Library/Java/JavaVirtualMachines/jdk-13.0.1.jdk/Contents/Home/lib/./libnet.dylib


VM Arguments:
jvm_args: -agentlib:jdwp=transport=dt_socket,suspend=y,address=localhost:63460 -javaagent:/Users/paperman/eclipse/java-2020-09/Eclipse.app/Contents/Eclipse/configuration/org.eclipse.osgi/209/0/.cp/lib/javaagent-shaded.jar -Dfile.encoding=UTF-8 
java_command: threadexample.Main
java_class_path (initial): /Users/paperman/eclipse-workspace/SynchronizedExample/bin
Launcher Type: SUN_STANDARD

[Global flags]
     intx CICompilerCount                          = 3                                         {product} {ergonomic}
     uint ConcGCThreads                            = 1                                         {product} {ergonomic}
     uint G1ConcRefinementThreads                  = 4                                         {product} {ergonomic}
   size_t G1HeapRegionSize                         = 1048576                                   {product} {ergonomic}
    uintx GCDrainStackTargetSize                   = 64                                        {product} {ergonomic}
   size_t InitialHeapSize                          = 134217728                                 {product} {ergonomic}
   size_t MarkStackSize                            = 4194304                                   {product} {ergonomic}
   size_t MaxHeapSize                              = 2147483648                                {product} {ergonomic}
   size_t MaxNewSize                               = 1287651328                                {product} {ergonomic}
   size_t MinHeapDeltaBytes                        = 1048576                                   {product} {ergonomic}
   size_t MinHeapSize                              = 8388608                                   {product} {ergonomic}
    uintx NonNMethodCodeHeapSize                   = 5830732                                {pd product} {ergonomic}
    uintx NonProfiledCodeHeapSize                  = 122913754                              {pd product} {ergonomic}
    uintx ProfiledCodeHeapSize                     = 122913754                              {pd product} {ergonomic}
    uintx ReservedCodeCacheSize                    = 251658240                              {pd product} {ergonomic}
     bool SegmentedCodeCache                       = true                                      {product} {ergonomic}
   size_t SoftMaxHeapSize                          = 2147483648                             {manageable} {ergonomic}
     bool UseCompressedClassPointers               = true                                 {lp64_product} {ergonomic}
     bool UseCompressedOops                        = true                                 {lp64_product} {ergonomic}
     bool UseG1GC                                  = true                                      {product} {ergonomic}

Logging:
Log output configuration:
 #0: stdout all=warning uptime,level,tags
 #1: stderr all=off uptime,level,tags

Environment Variables:
PATH=/usr/bin:/bin:/usr/sbin:/sbin
SHELL=/bin/bash

Signal Handlers:
SIGSEGV: [libjvm.dylib+0x781570], sa_mask[0]=11111111011111110111111111111111, sa_flags=SA_ONSTACK|SA_RESTART|SA_SIGINFO
SIGBUS: [libjvm.dylib+0x781570], sa_mask[0]=11111111011111110111111111111111, sa_flags=SA_RESTART|SA_SIGINFO
SIGFPE: [libjvm.dylib+0x781570], sa_mask[0]=11111111011111110111111111111111, sa_flags=SA_RESTART|SA_SIGINFO
SIGPIPE: [libjvm.dylib+0x627f75], sa_mask[0]=11111111011111110111111111111111, sa_flags=SA_RESTART|SA_SIGINFO
SIGXFSZ: [libjvm.dylib+0x627f75], sa_mask[0]=11111111011111110111111111111111, sa_flags=SA_RESTART|SA_SIGINFO
SIGILL: [libjvm.dylib+0x781570], sa_mask[0]=11111111011111110111111111111111, sa_flags=SA_RESTART|SA_SIGINFO
SIGUSR2: [libjvm.dylib+0x62855f], sa_mask[0]=00100000000000000000000000000000, sa_flags=SA_RESTART|SA_SIGINFO
SIGHUP: [libjvm.dylib+0x62754d], sa_mask[0]=11111111011111110111111111111111, sa_flags=SA_RESTART|SA_SIGINFO
SIGINT: [libjvm.dylib+0x62754d], sa_mask[0]=11111111011111110111111111111111, sa_flags=SA_RESTART|SA_SIGINFO
SIGTERM: [libjvm.dylib+0x62754d], sa_mask[0]=11111111011111110111111111111111, sa_flags=SA_RESTART|SA_SIGINFO
SIGQUIT: [libjvm.dylib+0x62754d], sa_mask[0]=11111111011111110111111111111111, sa_flags=SA_RESTART|SA_SIGINFO


---------------  S Y S T E M  ---------------

OS:uname:Darwin 18.7.0 Darwin Kernel Version 18.7.0: Thu Jun 18 20:50:10 PDT 2020; root:xnu-4903.278.43~1/RELEASE_X86_64 x86_64
rlimit: STACK 8192k, CORE 0k, NPROC 709, NOFILE 10240, AS infinity, DATA infinity, FSIZE infinity
load average:2.67 2.72 2.72

CPU:total 4 (initial active 4) (2 cores per cpu, 2 threads per core) family 6 model 61 stepping 4, cmov, cx8, fxsr, mmx, sse, sse2, sse3, ssse3, sse4.1, sse4.2, popcnt, avx, avx2, aes, clmul, erms, 3dnowpref, lzcnt, ht, tsc, tscinvbit, bmi1, bmi2, adx, fma

Memory: 4k page, physical 8388608k(643492k free), swap 4194304k(1524224k free)

vm_info: Java HotSpot(TM) 64-Bit Server VM (13.0.1+9) for bsd-amd64 JRE (13.0.1+9), built on Oct  6 2019 11:43:59 by "mach5one" with clang 4.2.1 Compatible Apple LLVM 10.0.0 (clang-1000.11.45.5)

END.
